#
# There is insufficient memory for the Java Runtime Environment to continue.
# Native memory allocation (mmap) failed to map 201326592 bytes for G1 virtual space
# Possible reasons:
#   The system is out of physical RAM or swap space
#   The process is running with CompressedOops enabled, and the Java Heap may be blocking the growth of the native heap
# Possible solutions:
#   Reduce memory load on the system
#   Increase physical memory or swap space
#   Check if swap backing store is full
#   Decrease Java heap size (-Xmx/-Xms)
#   Decrease number of Java threads
#   Decrease Java thread stack sizes (-Xss)
#   Set larger code cache with -XX:ReservedCodeCacheSize=
#   JVM is running with Zero Based Compressed Oops mode in which the Java heap is
#     placed in the first 32GB address space. The Java Heap base address is the
#     maximum limit for the native heap growth. Please use -XX:HeapBaseMinAddress
#     to set the Java Heap base and to place the Java Heap above 32GB virtual address.
# This output file may be truncated or incomplete.
#
#  Out of Memory Error (os_windows.cpp:3541), pid=14800, tid=56636
#
# JRE version:  (17.0.4.1+1) (build )
# Java VM: OpenJDK 64-Bit Server VM (17.0.4.1+1, mixed mode, emulated-client, sharing, tiered, compressed oops, compressed class ptrs, g1 gc, windows-amd64)
# No core dump will be written. Minidumps are not enabled by default on client versions of Windows
#

---------------  S U M M A R Y ------------

Command Line: -Dcom.sun.management.jmxremote -Dcom.sun.management.jmxremote.port=59404 -Dcom.sun.management.jmxremote.authenticate=false -Dcom.sun.management.jmxremote.ssl=false -Djava.rmi.server.hostname=localhost -Dspring.jmx.enabled=true -Dspring.application.admin.enabled=true -XX:TieredStopAtLevel=1 -Dspring.boot.project.name=com.RestFul.capgemini.demo -Dfile.encoding=UTF-8 -XX:+ShowCodeDetailsInExceptionMessages com.RestFul.capgemini.demo.Application --spring.output.ansi.enabled=always

Host: Intel(R) Core(TM) i5-6300U CPU @ 2.40GHz, 4 cores, 11G,  Windows 10 , 64 bit Build 19041 (10.0.19041.2251)
Time: Wed Dec 28 08:48:41 2022 India Standard Time elapsed time: 0.020646 seconds (0d 0h 0m 0s)

---------------  T H R E A D  ---------------

Current thread (0x0000019530ef3f70):  JavaThread "Unknown thread" [_thread_in_vm, id=56636, stack(0x0000000593200000,0x0000000593300000)]

Stack: [0x0000000593200000,0x0000000593300000]
Native frames: (J=compiled Java code, j=interpreted, Vv=VM code, C=native code)
V  [jvm.dll+0x67731a]
V  [jvm.dll+0x832284]
V  [jvm.dll+0x833a2e]
V  [jvm.dll+0x834093]
V  [jvm.dll+0x245775]
V  [jvm.dll+0x674209]
V  [jvm.dll+0x668a92]
V  [jvm.dll+0x30471b]
V  [jvm.dll+0x30bc66]
V  [jvm.dll+0x35ba9e]
V  [jvm.dll+0x35bccf]
V  [jvm.dll+0x2db5b8]
V  [jvm.dll+0x2dc524]
V  [jvm.dll+0x803db1]
V  [jvm.dll+0x3698f1]
V  [jvm.dll+0x7e31bc]
V  [jvm.dll+0x3ec25f]
V  [jvm.dll+0x3edde1]
C  [jli.dll+0x5277]
C  [ucrtbase.dll+0x21bb2]
C  [KERNEL32.DLL+0x174b4]
C  [ntdll.dll+0x526a1]


---------------  P R O C E S S  ---------------

Threads class SMR info:
_java_thread_list=0x00007ffd67064e98, length=0, elements={
}

Java Threads: ( => current thread )

Other Threads:
  0x0000019530f504e0 GCTaskThread "GC Thread#0" [stack: 0x0000000593300000,0x0000000593400000] [id=44488]
  0x0000019530f5d020 ConcurrentGCThread "G1 Main Marker" [stack: 0x0000000593400000,0x0000000593500000] [id=49752]
  0x0000019530f5d7e0 ConcurrentGCThread "G1 Conc#0" [stack: 0x0000000593500000,0x0000000593600000] [id=50960]

[error occurred during error reporting (printing all threads), id 0xc0000005, EXCEPTION_ACCESS_VIOLATION (0xc0000005) at pc=0x00007ffd6683c047]

VM state: not at safepoint (not fully initialized)

VM Mutex/Monitor currently owned by a thread:  ([mutex/lock_event])
[0x0000019530ef0450] Heap_lock - owner thread: 0x0000019530ef3f70

Heap address: 0x0000000741a00000, size: 3046 MB, Compressed Oops mode: Zero based, Oop shift amount: 3

CDS archive(s) mapped at: [0x0000000000000000-0x0000000000000000-0x0000000000000000), size 0, SharedBaseAddress: 0x0000000800000000, ArchiveRelocationMode: 0.
Narrow klass base: 0x0000000000000000, Narrow klass shift: 0, Narrow klass range: 0x0

GC Precious Log:
<Empty>

Heap:
 garbage-first heap   total 0K, used 0K [0x0000000741a00000, 0x0000000800000000)
  region size 2048K, 0 young (0K), 0 survivors (0K)

[error occurred during error reporting (printing heap information), id 0xc0000005, EXCEPTION_ACCESS_VIOLATION (0xc0000005) at pc=0x00007ffd66c20699]

GC Heap History (0 events):
No events

Deoptimization events (0 events):
No events

Classes unloaded (0 events):
No events

Classes redefined (0 events):
No events

Internal exceptions (0 events):
No events

VM Operations (0 events):
No events

Events (1 events):
Event: 0.011 Loaded shared library C:\Users\Naresh\Downloads\sts-4.16.1.RELEASE\plugins\org.eclipse.justj.openjdk.hotspot.jre.full.win32.x86_64_17.0.4.v20221004-1257\jre\bin\java.dll


Dynamic libraries:
0x00007ff7932e0000 - 0x00007ff7932ee000 	C:\Users\Naresh\Downloads\sts-4.16.1.RELEASE\plugins\org.eclipse.justj.openjdk.hotspot.jre.full.win32.x86_64_17.0.4.v20221004-1257\jre\bin\javaw.exe
0x00007ffdba8d0000 - 0x00007ffdbaac8000 	C:\WINDOWS\SYSTEM32\ntdll.dll
0x00007ffdb89c0000 - 0x00007ffdb8a7f000 	C:\WINDOWS\System32\KERNEL32.DLL
0x00007ffdb8640000 - 0x00007ffdb8912000 	C:\WINDOWS\System32\KERNELBASE.dll
0x00007ffdb7fd0000 - 0x00007ffdb80d0000 	C:\WINDOWS\System32\ucrtbase.dll
0x00007ffdb5fd0000 - 0x00007ffdb5fe8000 	C:\Users\Naresh\Downloads\sts-4.16.1.RELEASE\plugins\org.eclipse.justj.openjdk.hotspot.jre.full.win32.x86_64_17.0.4.v20221004-1257\jre\bin\jli.dll
0x00007ffdba6f0000 - 0x00007ffdba88d000 	C:\WINDOWS\System32\USER32.dll
0x00007ffdb82e0000 - 0x00007ffdb8302000 	C:\WINDOWS\System32\win32u.dll
0x00007ffdb9ff0000 - 0x00007ffdba01b000 	C:\WINDOWS\System32\GDI32.dll
0x00007ffdb80d0000 - 0x00007ffdb81df000 	C:\WINDOWS\System32\gdi32full.dll
0x00007ffdb85a0000 - 0x00007ffdb863d000 	C:\WINDOWS\System32\msvcp_win.dll
0x00007ffdb1090000 - 0x00007ffdb10a9000 	C:\Users\Naresh\Downloads\sts-4.16.1.RELEASE\plugins\org.eclipse.justj.openjdk.hotspot.jre.full.win32.x86_64_17.0.4.v20221004-1257\jre\bin\VCRUNTIME140.dll
0x00007ffda45e0000 - 0x00007ffda487a000 	C:\WINDOWS\WinSxS\amd64_microsoft.windows.common-controls_6595b64144ccf1df_6.0.19041.1110_none_60b5254171f9507e\COMCTL32.dll
0x00007ffdba650000 - 0x00007ffdba6ee000 	C:\WINDOWS\System32\msvcrt.dll
0x00007ffdb8cf0000 - 0x00007ffdb8d22000 	C:\WINDOWS\System32\IMM32.DLL
0x00007ffdb5fa0000 - 0x00007ffdb5fac000 	C:\Users\Naresh\Downloads\sts-4.16.1.RELEASE\plugins\org.eclipse.justj.openjdk.hotspot.jre.full.win32.x86_64_17.0.4.v20221004-1257\jre\bin\vcruntime140_1.dll
0x00007ffd8c580000 - 0x00007ffd8c611000 	C:\Users\Naresh\Downloads\sts-4.16.1.RELEASE\plugins\org.eclipse.justj.openjdk.hotspot.jre.full.win32.x86_64_17.0.4.v20221004-1257\jre\bin\msvcp140.dll
0x00007ffd66550000 - 0x00007ffd67196000 	C:\Users\Naresh\Downloads\sts-4.16.1.RELEASE\plugins\org.eclipse.justj.openjdk.hotspot.jre.full.win32.x86_64_17.0.4.v20221004-1257\jre\bin\server\jvm.dll
0x00007ffdb8fb0000 - 0x00007ffdb905e000 	C:\WINDOWS\System32\ADVAPI32.dll
0x00007ffdb8d30000 - 0x00007ffdb8dcc000 	C:\WINDOWS\System32\sechost.dll
0x00007ffdb8a90000 - 0x00007ffdb8bb5000 	C:\WINDOWS\System32\RPCRT4.dll
0x00007ffdb8a80000 - 0x00007ffdb8a88000 	C:\WINDOWS\System32\PSAPI.DLL
0x00007ffdabdc0000 - 0x00007ffdabdc9000 	C:\WINDOWS\SYSTEM32\WSOCK32.dll
0x00007ffdb8f40000 - 0x00007ffdb8fab000 	C:\WINDOWS\System32\WS2_32.dll
0x00007ffda3670000 - 0x00007ffda3697000 	C:\WINDOWS\SYSTEM32\WINMM.dll
0x00007ffdae720000 - 0x00007ffdae72a000 	C:\WINDOWS\SYSTEM32\VERSION.dll
0x00007ffdb6820000 - 0x00007ffdb6832000 	C:\WINDOWS\SYSTEM32\kernel.appcore.dll
0x00007ffdb09c0000 - 0x00007ffdb09ca000 	C:\Users\Naresh\Downloads\sts-4.16.1.RELEASE\plugins\org.eclipse.justj.openjdk.hotspot.jre.full.win32.x86_64_17.0.4.v20221004-1257\jre\bin\jimage.dll
0x00007ffdb56e0000 - 0x00007ffdb58c4000 	C:\WINDOWS\SYSTEM32\DBGHELP.DLL
0x00007ffd9e1b0000 - 0x00007ffd9e1dc000 	C:\WINDOWS\SYSTEM32\dbgcore.DLL
0x00007ffdb8250000 - 0x00007ffdb82d2000 	C:\WINDOWS\System32\bcryptPrimitives.dll
0x00007ffda54d0000 - 0x00007ffda54f5000 	C:\Users\Naresh\Downloads\sts-4.16.1.RELEASE\plugins\org.eclipse.justj.openjdk.hotspot.jre.full.win32.x86_64_17.0.4.v20221004-1257\jre\bin\java.dll

dbghelp: loaded successfully - version: 4.0.5 - missing functions: none
symbol engine: initialized successfully - sym options: 0x614 - pdb path: .;C:\Users\Naresh\Downloads\sts-4.16.1.RELEASE\plugins\org.eclipse.justj.openjdk.hotspot.jre.full.win32.x86_64_17.0.4.v20221004-1257\jre\bin;C:\WINDOWS\SYSTEM32;C:\WINDOWS\WinSxS\amd64_microsoft.windows.common-controls_6595b64144ccf1df_6.0.19041.1110_none_60b5254171f9507e;C:\Users\Naresh\Downloads\sts-4.16.1.RELEASE\plugins\org.eclipse.justj.openjdk.hotspot.jre.full.win32.x86_64_17.0.4.v20221004-1257\jre\bin\server

VM Arguments:
jvm_args: -Dcom.sun.management.jmxremote -Dcom.sun.management.jmxremote.port=59404 -Dcom.sun.management.jmxremote.authenticate=false -Dcom.sun.management.jmxremote.ssl=false -Djava.rmi.server.hostname=localhost -Dspring.jmx.enabled=true -Dspring.application.admin.enabled=true -XX:TieredStopAtLevel=1 -Dspring.boot.project.name=com.RestFul.capgemini.demo -Dfile.encoding=UTF-8 -XX:+ShowCodeDetailsInExceptionMessages 
java_command: com.RestFul.capgemini.demo.Application --spring.output.ansi.enabled=always
java_class_path (initial): C:\Users\Naresh\Downloads\SecondMicroservice\bin\main;C:\Users\Naresh\.gradle\caches\modules-2\files-2.1\org.apache.logging.log4j\log4j-core\2.16.0\ca12fb3902ecfcba1e1357ebfc55407acec30ede\log4j-core-2.16.0.jar;C:\Users\Naresh\.gradle\caches\modules-2\files-2.1\org.springframework.boot\spring-boot-starter-web\2.6.3\ceb6e909c144daf9e792069f5f0efd105c8712a\spring-boot-starter-web-2.6.3.jar;C:\Users\Naresh\.gradle\caches\modules-2\files-2.1\org.springframework.boot\spring-boot-starter-actuator\2.6.3\aa98aebacb734f8959fb01086589349662c03503\spring-boot-starter-actuator-2.6.3.jar;C:\Users\Naresh\.gradle\caches\modules-2\files-2.1\org.springframework.boot\spring-boot-starter-data-jdbc\2.6.3\5a9af5c336616d318f2f473f4489bcbb0b40f238\spring-boot-starter-data-jdbc-2.6.3.jar;C:\Users\Naresh\.gradle\caches\modules-2\files-2.1\org.springframework.boot\spring-boot-starter-data-jpa\2.6.3\74c60a724e4f81c7527b848ee24e91ba6facfe24\spring-boot-starter-data-jpa-2.6.3.jar;C:\Users\Naresh\.gradle\caches\modules-2\files-2.1\org.springframework.boot\spring-boot-starter-jdbc\2.6.3\17871ef6920a3decad5f10181b2baf198ea2b787\spring-boot-starter-jdbc-2.6.3.jar;C:\Users\Naresh\.gradle\caches\modules-2\files-2.1\org.springframework.boot\spring-boot-starter-aop\2.6.3\338cbbfe2667aea23d95672093e05b5f54630c5a\spring-boot-starter-aop-2.6.3.jar;C:\Users\Naresh\.gradle\caches\modules-2\files-2.1\org.springframework.boot\spring-boot-starter-json\2.6.3\b43885849bde2ad5d436c5acdd43b21730f9c676\spring-boot-starter-json-2.6.3.jar;C:\Users\Naresh\.gradle\caches\modules-2\files-2.1\org.springframework.boot\spring-boot-starter\2.6.3\1211af6e300c0584e01c7a9a75e585ac0aec6ea6\spring-boot-starter-2.6.3.jar;C:\Users\Naresh\.gradle\caches\modules-2\files-2.1\org.springframework.boot\spring-boot-starter-logging\2.6.3\86599127b1e69a6180014cbeed8297ba26e8c6aa\spring-boot-starter-logging-2.6.3.jar;C:\Users\Naresh\.gradle\caches\modules-2\files-2.1\org.apache.logging.log4j\log4j-to-slf4j\2.17.
Launcher Type: SUN_STANDARD

[Global flags]
     intx CICompilerCount                          = 3                                         {product} {ergonomic}
     uint ConcGCThreads                            = 1                                         {product} {ergonomic}
     uint G1ConcRefinementThreads                  = 4                                         {product} {ergonomic}
   size_t G1HeapRegionSize                         = 2097152                                   {product} {ergonomic}
    uintx GCDrainStackTargetSize                   = 64                                        {product} {ergonomic}
   size_t InitialHeapSize                          = 201326592                                 {product} {ergonomic}
     bool ManagementServer                         = true                                      {product} {command line}
   size_t MarkStackSize                            = 4194304                                   {product} {ergonomic}
   size_t MaxHeapSize                              = 3193962496                                {product} {ergonomic}
   size_t MinHeapDeltaBytes                        = 2097152                                   {product} {ergonomic}
   size_t MinHeapSize                              = 8388608                                   {product} {ergonomic}
    uintx NonProfiledCodeHeapSize                  = 0                                      {pd product} {ergonomic}
     bool ProfileInterpreter                       = false                                  {pd product} {command line}
    uintx ProfiledCodeHeapSize                     = 0                                      {pd product} {ergonomic}
     bool ShowCodeDetailsInExceptionMessages       = true                                   {manageable} {command line}
   size_t SoftMaxHeapSize                          = 3193962496                             {manageable} {ergonomic}
     intx TieredStopAtLevel                        = 1                                         {product} {command line}
     bool UseCompressedClassPointers               = true                           {product lp64_product} {ergonomic}
     bool UseCompressedOops                        = true                           {product lp64_product} {ergonomic}
     bool UseG1GC                                  = true                                      {product} {ergonomic}
     bool UseLargePagesIndividualAllocation        = false                                  {pd product} {ergonomic}

Logging:
Log output configuration:
 #0: stdout all=warning uptime,level,tags
 #1: stderr all=off uptime,level,tags

Environment Variables:
CLASSPATH=C:\Program Files\Java\jdk1.8.0_301\bin;.
PATH=C:/Users/Naresh/Documents/sts-4.16.1.RELEASE//plugins/org.eclipse.justj.openjdk.hotspot.jre.full.win32.x86_64_17.0.4.v20221004-1257/jre/bin/server;C:/Users/Naresh/Documents/sts-4.16.1.RELEASE//plugins/org.eclipse.justj.openjdk.hotspot.jre.full.win32.x86_64_17.0.4.v20221004-1257/jre/bin;C:\Program Files (x86)\Common Files\Oracle\Java\javapath;C:\WINDOWS\system32;C:\WINDOWS;C:\WINDOWS\System32\Wbem;C:\WINDOWS\System32\WindowsPowerShell\v1.0\;C:\WINDOWS\System32\OpenSSH\;C:\Program Files\Snowflake SnowSQL\;C:\Program Files\nodejs\;C:\Program Files\Git\cmd;C:\Program Files\MySQL\MySQL Shell 8.0\bin\;C:\Users\Naresh\AppData\Local\Programs\Python\Python39\Scripts\;C:\Users\Naresh\AppData\Local\Programs\Python\Python39\;C:\Users\Naresh\AppData\Local\Microsoft\WindowsApps;C:\Program Files\JetBrains\PyCharm Community Edition 2021.2\bin;;C:\Program Files\Java\jdk1.8.0_301\bin;C:\Users\Naresh\AppData\Local\Programs\Microsoft VS Code\bin;C:\ProgramData\Naresh\GitHubDesktop\bin;C:\Users\Naresh\AppData\Roaming\npm;C:\Program Files\JetBrains\IntelliJ IDEA Community Edition 2022.3\bin;;C:\Users\Naresh\Documents\sts-4.16.1.RELEASE;
USERNAME=Naresh
OS=Windows_NT
PROCESSOR_IDENTIFIER=Intel64 Family 6 Model 78 Stepping 3, GenuineIntel
TMP=C:\Users\Naresh\AppData\Local\Temp
TEMP=C:\Users\Naresh\AppData\Local\Temp



---------------  S Y S T E M  ---------------

OS:
 Windows 10 , 64 bit Build 19041 (10.0.19041.2251)
OS uptime: 26 days 12:43 hours

CPU: total 4 (initial active 4) (2 cores per cpu, 2 threads per core) family 6 model 78 stepping 3 microcode 0xcc, cx8, cmov, fxsr, ht, mmx, 3dnowpref, sse, sse2, sse3, ssse3, sse4.1, sse4.2, popcnt, lzcnt, tsc, tscinvbit, avx, avx2, aes, erms, clmul, bmi1, bmi2, rtm, adx, fma, vzeroupper, clflush, clflushopt

Memory: 4k page, system-wide physical 12180M (1680M free)
TotalPageFile size 15273M (AvailPageFile size 114M)
current process WorkingSet (physical memory assigned to process): 10M, peak: 10M
current process commit charge ("private bytes"): 46M, peak: 238M

vm_info: OpenJDK 64-Bit Server VM (17.0.4.1+1) for windows-amd64 JRE (17.0.4.1+1), built on Aug 17 2022 07:42:43 by "temurin" with MS VC++ 16.7 (VS2019)

END.
